# RTL_ID 22011200
#
# Events:
#    N - no event
#    E - exception
#    I - interrupt
#    W - wakeup
# =====================================================================================
# : Core Reset
# =====================================================================================
# Test: xor.hex
#           Time   Ev  Curr_PC    Instr      Next_PC    Reg        Value     
# =====================================================================================
               3   N   00000000   00000000   0000a000   ---        --------
               6   N   0000a000   0000e101   0000a004   x10_a0     00000000
               7   N   0000a004   00004e01   0000a006   ---        --------
               8   N   0000a006   ffff7297   0000a008   x28_t3     00000000
               9   N   0000a008   8b828293   0000a00c   x05_t0     00001008
              10   N   0000a00c   30529073   0000a010   x05_t0     000008c0
              11   N   0000a010   00004505   0000a014   ---        --------
              12   N   0000a014   0000057e   0000a016   x10_a0     00000001
              13   N   0000a016   00054863   0000a018   x10_a0     80000000
              14   N   0000a018   0ff0000f   0000a028   ---        --------
              17   N   0000a028   00028f63   0000a02c   x05_t0     00000000
              18   N   0000a02c   10529073   0000a04a   ---        --------
              22   N   0000a04a   00020297   0000a04e   ---        --------
              23   N   0000a04e   00000297   0000a04e   ---        --------
              24   N   0000a04e   30008293   0000a052   x05_t0     0000a04e
              26   N   0000a052   00009073   0000a056   x05_t0     0000a08a
              28   N   0000a056   03c22573   0000a05a   ---        --------
              30   N   0000a05a   34120073   0000a05e   x10_a0     00000000
              33   N   0000a05e   00000000   0000a08a   ---        --------
              37   N   0000a08a   30208093   0000a08e   x01_ra     ff010000
              39   N   0000a08e   ff011137   0000a092   x01_ra     ff00ff00
              41   N   0000a092   f0000113   0000a096   x02_sp     0f0f1000
              43   N   0000a096   0f0fc1b3   0000a09a   x02_sp     0f0f0f0f
              45   N   0000a09a   f0f1feb7   0000a09e   x03_gp     f00ff00f
              47   N   0000a09e   00000ebd   0000a0a2   x29_t4     f00ff000
              48   N   0000a0a2   00004e09   0000a0a4   x29_t4     f00ff00f
              49   N   0000a0a4   3bd19663   0000a0a6   x28_t3     00000002
              50   N   0000a0a6   4e0910b7   0000a0aa   ---        --------
              52   N   0000a0aa   000010c1   0000a0ae   x01_ra     0ff01000
              53   N   0000a0ae   f0f0f137   0000a0b0   x01_ra     0ff00ff0
              54   N   0000a0b0   0000616d   0000a0b4   x02_sp     f0f0f000
              55   N   0000a0b4   0020c1b3   0000a0b6   x02_sp     f0f0f0f0
              56   N   0000a0b6   616d0eb7   0000a0ba   x03_gp     ff00ff00
              58   N   0000a0ba   00208e93   0000a0be   x29_t4     ff010000
              60   N   0000a0be   00004e0d   0000a0c2   x29_t4     ff00ff00
              61   N   0000a0c2   39d19763   0000a0c4   x28_t3     00000003
              62   N   0000a0c4   00ff00b7   0000a0c8   ---        --------
              63   N   0000a0c8   0ff08093   0000a0cc   x01_ra     00ff0000
              64   N   0000a0cc   0f0f1137   0000a0d0   x01_ra     00ff00ff
              65   N   0000a0d0   f0f10113   0000a0d4   x02_sp     0f0f1000
              66   N   0000a0d4   0020c1b3   0000a0d8   x02_sp     0f0f0f0f
              67   N   0000a0d8   0ff01eb7   0000a0dc   x03_gp     0ff00ff0
              68   N   0000a0dc   00001ec1   0000a0e0   x29_t4     0ff01000
              69   N   0000a0e0   00004e11   0000a0e2   x29_t4     0ff00ff0
              70   N   0000a0e2   37d19763   0000a0e4   x28_t3     00000004
              71   N   0000a0e4   f00ff0b7   0000a0e8   ---        --------
              72   N   0000a0e8   000000bd   0000a0ec   x01_ra     f00ff000
              73   N   0000a0ec   f0f0f137   0000a0ee   x01_ra     f00ff00f
              74   N   0000a0ee   0000616d   0000a0f2   x02_sp     f0f0f000
              75   N   0000a0f2   0020c1b3   0000a0f4   x02_sp     f0f0f0f0
              76   N   0000a0f4   00ff0eb7   0000a0f8   x03_gp     00ff00ff
              77   N   0000a0f8   0ffe8e93   0000a0fc   x29_t4     00ff0000
              78   N   0000a0fc   00004e15   0000a100   x29_t4     00ff00ff
              79   N   0000a100   35d19863   0000a102   x28_t3     00000005
              80   N   0000a102   4e1500b7   0000a106   ---        --------
              82   N   0000a106   35d18093   0000a10a   x01_ra     ff010000
              84   N   0000a10a   ff011137   0000a10e   x01_ra     ff00ff00
              86   N   0000a10e   f0000113   0000a112   x02_sp     0f0f1000
              88   N   0000a112   0f0fc0b3   0000a116   x02_sp     0f0f0f0f
              90   N   0000a116   f0f1feb7   0000a11a   x01_ra     f00ff00f
              92   N   0000a11a   00000ebd   0000a11e   x29_t4     f00ff000
              93   N   0000a11e   00004e19   0000a120   x29_t4     f00ff00f
              94   N   0000a120   33d09863   0000a122   x28_t3     00000006
              95   N   0000a122   4e1900b7   0000a126   ---        --------
              97   N   0000a126   33d08093   0000a12a   x01_ra     ff010000
              99   N   0000a12a   ff011137   0000a12e   x01_ra     ff00ff00
             101   N   0000a12e   f0000113   0000a132   x02_sp     0f0f1000
             103   N   0000a132   0f0fc133   0000a136   x02_sp     0f0f0f0f
             105   N   0000a136   f0f1feb7   0000a13a   x02_sp     f00ff00f
             107   N   0000a13a   00000ebd   0000a13e   x29_t4     f00ff000
             108   N   0000a13e   00004e1d   0000a140   x29_t4     f00ff00f
             109   N   0000a140   31d11863   0000a142   x28_t3     00000007
             110   N   0000a142   4e1d00b7   0000a146   ---        --------
             112   N   0000a146   31d18093   0000a14a   x01_ra     ff010000
             114   N   0000a14a   ff01c0b3   0000a14e   x01_ra     ff00ff00
             116   N   0000a14e   00004e81   0000a152   x01_ra     00000000
             117   N   0000a152   00004e21   0000a154   x29_t4     00000000
             118   N   0000a154   2fd09e63   0000a156   x28_t3     00000008
             119   N   0000a156   00004201   0000a15a   ---        --------
             120   N   0000a15a   ff0100b7   0000a15c   x04_tp     00000000
             121   N   0000a15c   f0008093   0000a160   x01_ra     ff010000
             122   N   0000a160   0f0f1137   0000a164   x01_ra     ff00ff00
             123   N   0000a164   f0f10113   0000a168   x02_sp     0f0f1000
             124   N   0000a168   0020c1b3   0000a16c   x02_sp     0f0f0f0f
             125   N   0000a16c   0000830e   0000a170   x03_gp     f00ff00f
             126   N   0000a170   00000205   0000a172   x06_t1     f00ff00f
             127   N   0000a172   00004289   0000a174   x04_tp     00000001
             128   N   0000a174   fe5213e3   0000a176   x05_t0     00000002
             129   N   0000a176   4289feb7   0000a15c   ---        --------
             132   N   0000a15c   f0008093   0000a160   x01_ra     ff010000
             133   N   0000a160   0f0f1137   0000a164   x01_ra     ff00ff00
             134   N   0000a164   f0f10113   0000a168   x02_sp     0f0f1000
             135   N   0000a168   0020c1b3   0000a16c   x02_sp     0f0f0f0f
             136   N   0000a16c   0000830e   0000a170   x03_gp     f00ff00f
             137   N   0000a170   00000205   0000a172   x06_t1     f00ff00f
             138   N   0000a172   00004289   0000a174   x04_tp     00000002
             139   N   0000a174   fe5213e3   0000a176   x05_t0     00000002
             140   N   0000a176   4289feb7   0000a17a   ---        --------
             142   N   0000a17a   00000ebd   0000a17e   x29_t4     f00ff000
             143   N   0000a17e   00004e25   0000a180   x29_t4     f00ff00f
             144   N   0000a180   2dd31863   0000a182   x28_t3     00000009
             145   N   0000a182   00004201   0000a186   ---        --------
             146   N   0000a186   0ff010b7   0000a188   x04_tp     00000000
             147   N   0000a188   000010c1   0000a18c   x01_ra     0ff01000
             148   N   0000a18c   f0f0f137   0000a18e   x01_ra     0ff00ff0
             149   N   0000a18e   0000616d   0000a192   x02_sp     f0f0f000
             150   N   0000a192   0020c1b3   0000a194   x02_sp     f0f0f0f0
             151   N   0000a194   00000001   0000a198   x03_gp     ff00ff00
             152   N   0000a198   0000830e   0000a19a   ---        --------
             153   N   0000a19a   00000205   0000a19c   x06_t1     ff00ff00
             154   N   0000a19c   00004289   0000a19e   x04_tp     00000001
             155   N   0000a19e   fe5214e3   0000a1a0   x05_t0     00000002
             156   N   0000a1a0   ff010eb7   0000a188   ---        --------
             159   N   0000a188   000010c1   0000a18c   x01_ra     0ff01000
             160   N   0000a18c   f0f0f137   0000a18e   x01_ra     0ff00ff0
             161   N   0000a18e   0000616d   0000a192   x02_sp     f0f0f000
             162   N   0000a192   0020c1b3   0000a194   x02_sp     f0f0f0f0
             163   N   0000a194   00000001   0000a198   x03_gp     ff00ff00
             164   N   0000a198   0000830e   0000a19a   ---        --------
             165   N   0000a19a   00000205   0000a19c   x06_t1     ff00ff00
             166   N   0000a19c   00004289   0000a19e   x04_tp     00000002
             167   N   0000a19e   fe5214e3   0000a1a0   x05_t0     00000002
             168   N   0000a1a0   ff010eb7   0000a1a4   ---        --------
             169   N   0000a1a4   f00e8e93   0000a1a8   x29_t4     ff010000
             170   N   0000a1a8   00004e29   0000a1ac   x29_t4     ff00ff00
             171   N   0000a1ac   2bd31263   0000a1ae   x28_t3     0000000a
             172   N   0000a1ae   00004201   0000a1b2   ---        --------
             173   N   0000a1b2   00ff00b7   0000a1b4   x04_tp     00000000
             174   N   0000a1b4   0ff08093   0000a1b8   x01_ra     00ff0000
             175   N   0000a1b8   0f0f1137   0000a1bc   x01_ra     00ff00ff
             176   N   0000a1bc   f0f10113   0000a1c0   x02_sp     0f0f1000
             177   N   0000a1c0   0020c1b3   0000a1c4   x02_sp     0f0f0f0f
             178   N   0000a1c4   00000001   0000a1c8   x03_gp     0ff00ff0
             179   N   0000a1c8   00000001   0000a1ca   ---        --------
             180   N   0000a1ca   0000830e   0000a1cc   ---        --------
             181   N   0000a1cc   00000205   0000a1ce   x06_t1     0ff00ff0
             182   N   0000a1ce   00004289   0000a1d0   x04_tp     00000001
             183   N   0000a1d0   fe5211e3   0000a1d2   x05_t0     00000002
             184   N   0000a1d2   42891eb7   0000a1b4   ---        --------
             187   N   0000a1b4   0ff08093   0000a1b8   x01_ra     00ff0000
             188   N   0000a1b8   0f0f1137   0000a1bc   x01_ra     00ff00ff
             189   N   0000a1bc   f0f10113   0000a1c0   x02_sp     0f0f1000
             190   N   0000a1c0   0020c1b3   0000a1c4   x02_sp     0f0f0f0f
             191   N   0000a1c4   00000001   0000a1c8   x03_gp     0ff00ff0
             192   N   0000a1c8   00000001   0000a1ca   ---        --------
             193   N   0000a1ca   0000830e   0000a1cc   ---        --------
             194   N   0000a1cc   00000205   0000a1ce   x06_t1     0ff00ff0
             195   N   0000a1ce   00004289   0000a1d0   x04_tp     00000002
             196   N   0000a1d0   fe5211e3   0000a1d2   x05_t0     00000002
             197   N   0000a1d2   42891eb7   0000a1d6   ---        --------
             199   N   0000a1d6   00001ec1   0000a1da   x29_t4     0ff01000
             200   N   0000a1da   00004e2d   0000a1dc   x29_t4     0ff00ff0
             201   N   0000a1dc   27d31a63   0000a1de   x28_t3     0000000b
             202   N   0000a1de   00004201   0000a1e2   ---        --------
             203   N   0000a1e2   ff0100b7   0000a1e4   x04_tp     00000000
             204   N   0000a1e4   f0008093   0000a1e8   x01_ra     ff010000
             205   N   0000a1e8   0f0f1137   0000a1ec   x01_ra     ff00ff00
             206   N   0000a1ec   f0f10113   0000a1f0   x02_sp     0f0f1000
             207   N   0000a1f0   0020c1b3   0000a1f4   x02_sp     0f0f0f0f
             208   N   0000a1f4   00000205   0000a1f8   x03_gp     f00ff00f
             209   N   0000a1f8   00004289   0000a1fa   x04_tp     00000001
             210   N   0000a1fa   fe5214e3   0000a1fc   x05_t0     00000002
             211   N   0000a1fc   f00ffeb7   0000a1e4   ---        --------
             214   N   0000a1e4   f0008093   0000a1e8   x01_ra     ff010000
             215   N   0000a1e8   0f0f1137   0000a1ec   x01_ra     ff00ff00
             216   N   0000a1ec   f0f10113   0000a1f0   x02_sp     0f0f1000
             217   N   0000a1f0   0020c1b3   0000a1f4   x02_sp     0f0f0f0f
             218   N   0000a1f4   00000205   0000a1f8   x03_gp     f00ff00f
             219   N   0000a1f8   00004289   0000a1fa   x04_tp     00000002
             220   N   0000a1fa   fe5214e3   0000a1fc   x05_t0     00000002
             221   N   0000a1fc   f00ffeb7   0000a200   ---        --------
             222   N   0000a200   00000ebd   0000a204   x29_t4     f00ff000
             223   N   0000a204   00004e31   0000a206   x29_t4     f00ff00f
             224   N   0000a206   25d19563   0000a208   x28_t3     0000000c
             225   N   0000a208   00004201   0000a20c   ---        --------
             226   N   0000a20c   0ff010b7   0000a20e   x04_tp     00000000
             227   N   0000a20e   000010c1   0000a212   x01_ra     0ff01000
             228   N   0000a212   f0f0f137   0000a214   x01_ra     0ff00ff0
             229   N   0000a214   0000616d   0000a218   x02_sp     f0f0f000
             230   N   0000a218   00000001   0000a21a   x02_sp     f0f0f0f0
             231   N   0000a21a   0020c1b3   0000a21c   ---        --------
             232   N   0000a21c   00000205   0000a220   x03_gp     ff00ff00
             233   N   0000a220   00004289   0000a222   x04_tp     00000001
             234   N   0000a222   fe5215e3   0000a224   x05_t0     00000002
             235   N   0000a224   ff010eb7   0000a20e   ---        --------
             239   N   0000a20e   000010c1   0000a212   x01_ra     0ff01000
             240   N   0000a212   f0f0f137   0000a214   x01_ra     0ff00ff0
             241   N   0000a214   0000616d   0000a218   x02_sp     f0f0f000
             242   N   0000a218   00000001   0000a21a   x02_sp     f0f0f0f0
             243   N   0000a21a   0020c1b3   0000a21c   ---        --------
             244   N   0000a21c   00000205   0000a220   x03_gp     ff00ff00
             245   N   0000a220   00004289   0000a222   x04_tp     00000002
             246   N   0000a222   fe5215e3   0000a224   x05_t0     00000002
             247   N   0000a224   ff010eb7   0000a228   ---        --------
             248   N   0000a228   f00e8e93   0000a22c   x29_t4     ff010000
             249   N   0000a22c   00004e35   0000a230   x29_t4     ff00ff00
             250   N   0000a230   23d19063   0000a232   x28_t3     0000000d
             251   N   0000a232   00004201   0000a236   ---        --------
             252   N   0000a236   00ff00b7   0000a238   x04_tp     00000000
             253   N   0000a238   0ff08093   0000a23c   x01_ra     00ff0000
             254   N   0000a23c   0f0f1137   0000a240   x01_ra     00ff00ff
             255   N   0000a240   f0f10113   0000a244   x02_sp     0f0f1000
             256   N   0000a244   00000001   0000a248   x02_sp     0f0f0f0f
             257   N   0000a248   00000001   0000a24a   ---        --------
             258   N   0000a24a   0020c1b3   0000a24c   ---        --------
             259   N   0000a24c   00000205   0000a250   x03_gp     0ff00ff0
             260   N   0000a250   00004289   0000a252   x04_tp     00000001
             261   N   0000a252   fe5212e3   0000a254   x05_t0     00000002
             262   N   0000a254   0ff01eb7   0000a238   ---        --------
             265   N   0000a238   0ff08093   0000a23c   x01_ra     00ff0000
             266   N   0000a23c   0f0f1137   0000a240   x01_ra     00ff00ff
             267   N   0000a240   f0f10113   0000a244   x02_sp     0f0f1000
             268   N   0000a244   00000001   0000a248   x02_sp     0f0f0f0f
             269   N   0000a248   00000001   0000a24a   ---        --------
             270   N   0000a24a   0020c1b3   0000a24c   ---        --------
             271   N   0000a24c   00000205   0000a250   x03_gp     0ff00ff0
             272   N   0000a250   00004289   0000a252   x04_tp     00000002
             273   N   0000a252   fe5212e3   0000a254   x05_t0     00000002
             274   N   0000a254   0ff01eb7   0000a258   ---        --------
             275   N   0000a258   00001ec1   0000a25c   x29_t4     0ff01000
             276   N   0000a25c   00004e39   0000a25e   x29_t4     0ff00ff0
             277   N   0000a25e   1fd19963   0000a260   x28_t3     0000000e
             278   N   0000a260   00004201   0000a264   ---        --------
             279   N   0000a264   ff0100b7   0000a266   x04_tp     00000000
             280   N   0000a266   42018093   0000a26a   x01_ra     ff010000
             282   N   0000a26a   00000001   0000a26e   x01_ra     ff00ff00
             283   N   0000a26e   0f0f1137   0000a270   ---        --------
             284   N   0000a270   f0f10113   0000a274   x02_sp     0f0f1000
             285   N   0000a274   0020c1b3   0000a278   x02_sp     0f0f0f0f
             286   N   0000a278   00000205   0000a27c   x03_gp     f00ff00f
             287   N   0000a27c   00004289   0000a27e   x04_tp     00000001
             288   N   0000a27e   fe5213e3   0000a280   x05_t0     00000002
             289   N   0000a280   f00ffeb7   0000a266   ---        --------
             293   N   0000a266   f00f8093   0000a26a   x01_ra     ff010000
             295   N   0000a26a   00000001   0000a26e   x01_ra     ff00ff00
             296   N   0000a26e   0f0f1137   0000a270   ---        --------
             297   N   0000a270   f0f10113   0000a274   x02_sp     0f0f1000
             298   N   0000a274   0020c1b3   0000a278   x02_sp     0f0f0f0f
             299   N   0000a278   00000205   0000a27c   x03_gp     f00ff00f
             300   N   0000a27c   00004289   0000a27e   x04_tp     00000002
             301   N   0000a27e   fe5213e3   0000a280   x05_t0     00000002
             302   N   0000a280   f00ffeb7   0000a284   ---        --------
             303   N   0000a284   00000ebd   0000a288   x29_t4     f00ff000
             304   N   0000a288   00004e3d   0000a28a   x29_t4     f00ff00f
             305   N   0000a28a   1dd19363   0000a28c   x28_t3     0000000f
             306   N   0000a28c   00004201   0000a290   ---        --------
             307   N   0000a290   0ff010b7   0000a292   x04_tp     00000000
             308   N   0000a292   000010c1   0000a296   x01_ra     0ff01000
             309   N   0000a296   00000001   0000a298   x01_ra     0ff00ff0
             310   N   0000a298   f0f0f137   0000a29a   ---        --------
             311   N   0000a29a   0000616d   0000a29e   x02_sp     f0f0f000
             312   N   0000a29e   00000001   0000a2a0   x02_sp     f0f0f0f0
             313   N   0000a2a0   0020c1b3   0000a2a2   ---        --------
             314   N   0000a2a2   00000205   0000a2a6   x03_gp     ff00ff00
             315   N   0000a2a6   00004289   0000a2a8   x04_tp     00000001
             316   N   0000a2a8   fe5214e3   0000a2aa   x05_t0     00000002
             317   N   0000a2aa   42890eb7   0000a292   ---        --------
             321   N   0000a292   000010c1   0000a296   x01_ra     0ff01000
             322   N   0000a296   00000001   0000a298   x01_ra     0ff00ff0
             323   N   0000a298   f0f0f137   0000a29a   ---        --------
             324   N   0000a29a   0000616d   0000a29e   x02_sp     f0f0f000
             325   N   0000a29e   00000001   0000a2a0   x02_sp     f0f0f0f0
             326   N   0000a2a0   0020c1b3   0000a2a2   ---        --------
             327   N   0000a2a2   00000205   0000a2a6   x03_gp     ff00ff00
             328   N   0000a2a6   00004289   0000a2a8   x04_tp     00000002
             329   N   0000a2a8   fe5214e3   0000a2aa   x05_t0     00000002
             330   N   0000a2aa   42890eb7   0000a2ae   ---        --------
             332   N   0000a2ae   fe528e93   0000a2b2   x29_t4     ff010000
             334   N   0000a2b2   00004e41   0000a2b6   x29_t4     ff00ff00
             335   N   0000a2b6   19d19d63   0000a2b8   x28_t3     00000010
             336   N   0000a2b8   00004201   0000a2bc   ---        --------
             337   N   0000a2bc   00ff00b7   0000a2be   x04_tp     00000000
             338   N   0000a2be   42018093   0000a2c2   x01_ra     00ff0000
             340   N   0000a2c2   00000001   0000a2c6   x01_ra     00ff00ff
             341   N   0000a2c6   00000001   0000a2c8   ---        --------
             342   N   0000a2c8   0f0f1137   0000a2ca   ---        --------
             343   N   0000a2ca   00010113   0000a2ce   x02_sp     0f0f1000
             345   N   0000a2ce   0f0fc1b3   0000a2d2   x02_sp     0f0f0f0f
             347   N   0000a2d2   00000205   0000a2d6   x03_gp     0ff00ff0
             348   N   0000a2d6   00004289   0000a2d8   x04_tp     00000001
             349   N   0000a2d8   fe5212e3   0000a2da   x05_t0     00000002
             350   N   0000a2da   42891eb7   0000a2be   ---        --------
             354   N   0000a2be   42898093   0000a2c2   x01_ra     00ff0000
             356   N   0000a2c2   00000001   0000a2c6   x01_ra     00ff00ff
             357   N   0000a2c6   00000001   0000a2c8   ---        --------
             358   N   0000a2c8   0f0f1137   0000a2ca   ---        --------
             359   N   0000a2ca   00010113   0000a2ce   x02_sp     0f0f1000
             361   N   0000a2ce   0f0fc1b3   0000a2d2   x02_sp     0f0f0f0f
             363   N   0000a2d2   00000205   0000a2d6   x03_gp     0ff00ff0
             364   N   0000a2d6   00004289   0000a2d8   x04_tp     00000002
             365   N   0000a2d8   fe5212e3   0000a2da   x05_t0     00000002
             366   N   0000a2da   42891eb7   0000a2de   ---        --------
             368   N   0000a2de   00001ec1   0000a2e2   x29_t4     0ff01000
             369   N   0000a2e2   00004e45   0000a2e4   x29_t4     0ff00ff0
             370   N   0000a2e4   17d19663   0000a2e6   x28_t3     00000011
             371   N   0000a2e6   00004201   0000a2ea   ---        --------
             372   N   0000a2ea   0f0f1137   0000a2ec   x04_tp     00000000
             373   N   0000a2ec   f0f10113   0000a2f0   x02_sp     0f0f1000
             374   N   0000a2f0   ff0100b7   0000a2f4   x02_sp     0f0f0f0f
             375   N   0000a2f4   f0008093   0000a2f8   x01_ra     ff010000
             376   N   0000a2f8   0020c1b3   0000a2fc   x01_ra     ff00ff00
             377   N   0000a2fc   00000205   0000a300   x03_gp     f00ff00f
             378   N   0000a300   00004289   0000a302   x04_tp     00000001
             379   N   0000a302   fe5214e3   0000a304   x05_t0     00000002
             380   N   0000a304   f00ffeb7   0000a2ec   ---        --------
             383   N   0000a2ec   f0f10113   0000a2f0   x02_sp     0f0f1000
             384   N   0000a2f0   ff0100b7   0000a2f4   x02_sp     0f0f0f0f
             385   N   0000a2f4   f0008093   0000a2f8   x01_ra     ff010000
             386   N   0000a2f8   0020c1b3   0000a2fc   x01_ra     ff00ff00
             387   N   0000a2fc   00000205   0000a300   x03_gp     f00ff00f
             388   N   0000a300   00004289   0000a302   x04_tp     00000002
             389   N   0000a302   fe5214e3   0000a304   x05_t0     00000002
             390   N   0000a304   f00ffeb7   0000a308   ---        --------
             391   N   0000a308   00000ebd   0000a30c   x29_t4     f00ff000
             392   N   0000a30c   00004e49   0000a30e   x29_t4     f00ff00f
             393   N   0000a30e   15d19163   0000a310   x28_t3     00000012
             394   N   0000a310   00004201   0000a314   ---        --------
             395   N   0000a314   f0f0f137   0000a316   x04_tp     00000000
             396   N   0000a316   0000616d   0000a31a   x02_sp     f0f0f000
             397   N   0000a31a   0ff010b7   0000a31c   x02_sp     f0f0f0f0
             398   N   0000a31c   000010c1   0000a320   x01_ra     0ff01000
             399   N   0000a320   00000001   0000a322   x01_ra     0ff00ff0
             400   N   0000a322   0020c1b3   0000a324   ---        --------
             401   N   0000a324   00000205   0000a328   x03_gp     ff00ff00
             402   N   0000a328   00004289   0000a32a   x04_tp     00000001
             403   N   0000a32a   fe5215e3   0000a32c   x05_t0     00000002
             404   N   0000a32c   ff010eb7   0000a316   ---        --------
             408   N   0000a316   0000616d   0000a31a   x02_sp     f0f0f000
             409   N   0000a31a   0ff010b7   0000a31c   x02_sp     f0f0f0f0
             410   N   0000a31c   000010c1   0000a320   x01_ra     0ff01000
             411   N   0000a320   00000001   0000a322   x01_ra     0ff00ff0
             412   N   0000a322   0020c1b3   0000a324   ---        --------
             413   N   0000a324   00000205   0000a328   x03_gp     ff00ff00
             414   N   0000a328   00004289   0000a32a   x04_tp     00000002
             415   N   0000a32a   fe5215e3   0000a32c   x05_t0     00000002
             416   N   0000a32c   ff010eb7   0000a330   ---        --------
             417   N   0000a330   f00e8e93   0000a334   x29_t4     ff010000
             418   N   0000a334   00004e4d   0000a338   x29_t4     ff00ff00
             419   N   0000a338   11d19c63   0000a33a   x28_t3     00000013
             420   N   0000a33a   00004201   0000a33e   ---        --------
             421   N   0000a33e   0f0f1137   0000a340   x04_tp     00000000
             422   N   0000a340   f0f10113   0000a344   x02_sp     0f0f1000
             423   N   0000a344   00ff00b7   0000a348   x02_sp     0f0f0f0f
             424   N   0000a348   0ff08093   0000a34c   x01_ra     00ff0000
             425   N   0000a34c   00000001   0000a350   x01_ra     00ff00ff
             426   N   0000a350   00000001   0000a352   ---        --------
             427   N   0000a352   0020c1b3   0000a354   ---        --------
             428   N   0000a354   00000205   0000a358   x03_gp     0ff00ff0
             429   N   0000a358   00004289   0000a35a   x04_tp     00000001
             430   N   0000a35a   fe5212e3   0000a35c   x05_t0     00000002
             431   N   0000a35c   0ff01eb7   0000a340   ---        --------
             434   N   0000a340   f0f10113   0000a344   x02_sp     0f0f1000
             435   N   0000a344   00ff00b7   0000a348   x02_sp     0f0f0f0f
             436   N   0000a348   0ff08093   0000a34c   x01_ra     00ff0000
             437   N   0000a34c   00000001   0000a350   x01_ra     00ff00ff
             438   N   0000a350   00000001   0000a352   ---        --------
             439   N   0000a352   0020c1b3   0000a354   ---        --------
             440   N   0000a354   00000205   0000a358   x03_gp     0ff00ff0
             441   N   0000a358   00004289   0000a35a   x04_tp     00000002
             442   N   0000a35a   fe5212e3   0000a35c   x05_t0     00000002
             443   N   0000a35c   0ff01eb7   0000a360   ---        --------
             444   N   0000a360   00001ec1   0000a364   x29_t4     0ff01000
             445   N   0000a364   00004e51   0000a366   x29_t4     0ff00ff0
             446   N   0000a366   0fd19563   0000a368   x28_t3     00000014
             447   N   0000a368   00004201   0000a36c   ---        --------
             448   N   0000a36c   0f0f1137   0000a36e   x04_tp     00000000
             449   N   0000a36e   42010113   0000a372   x02_sp     0f0f1000
             451   N   0000a372   00000001   0000a376   x02_sp     0f0f0f0f
             452   N   0000a376   ff0100b7   0000a378   ---        --------
             453   N   0000a378   f0008093   0000a37c   x01_ra     ff010000
             454   N   0000a37c   0020c1b3   0000a380   x01_ra     ff00ff00
             455   N   0000a380   00000205   0000a384   x03_gp     f00ff00f
             456   N   0000a384   00004289   0000a386   x04_tp     00000001
             457   N   0000a386   fe5213e3   0000a388   x05_t0     00000002
             458   N   0000a388   f00ffeb7   0000a36e   ---        --------
             462   N   0000a36e   f00f0113   0000a372   x02_sp     0f0f1000
             464   N   0000a372   00000001   0000a376   x02_sp     0f0f0f0f
             465   N   0000a376   ff0100b7   0000a378   ---        --------
             466   N   0000a378   f0008093   0000a37c   x01_ra     ff010000
             467   N   0000a37c   0020c1b3   0000a380   x01_ra     ff00ff00
             468   N   0000a380   00000205   0000a384   x03_gp     f00ff00f
             469   N   0000a384   00004289   0000a386   x04_tp     00000002
             470   N   0000a386   fe5213e3   0000a388   x05_t0     00000002
             471   N   0000a388   f00ffeb7   0000a38c   ---        --------
             472   N   0000a38c   00000ebd   0000a390   x29_t4     f00ff000
             473   N   0000a390   00004e55   0000a392   x29_t4     f00ff00f
             474   N   0000a392   0bd19f63   0000a394   x28_t3     00000015
             475   N   0000a394   00004201   0000a398   ---        --------
             476   N   0000a398   f0f0f137   0000a39a   x04_tp     00000000
             477   N   0000a39a   0000616d   0000a39e   x02_sp     f0f0f000
             478   N   0000a39e   00000001   0000a3a0   x02_sp     f0f0f0f0
             479   N   0000a3a0   0ff010b7   0000a3a2   ---        --------
             480   N   0000a3a2   000010c1   0000a3a6   x01_ra     0ff01000
             481   N   0000a3a6   00000001   0000a3a8   x01_ra     0ff00ff0
             482   N   0000a3a8   0020c1b3   0000a3aa   ---        --------
             483   N   0000a3aa   00000205   0000a3ae   x03_gp     ff00ff00
             484   N   0000a3ae   00004289   0000a3b0   x04_tp     00000001
             485   N   0000a3b0   fe5214e3   0000a3b2   x05_t0     00000002
             486   N   0000a3b2   42890eb7   0000a39a   ---        --------
             490   N   0000a39a   0000616d   0000a39e   x02_sp     f0f0f000
             491   N   0000a39e   00000001   0000a3a0   x02_sp     f0f0f0f0
             492   N   0000a3a0   0ff010b7   0000a3a2   ---        --------
             493   N   0000a3a2   000010c1   0000a3a6   x01_ra     0ff01000
             494   N   0000a3a6   00000001   0000a3a8   x01_ra     0ff00ff0
             495   N   0000a3a8   0020c1b3   0000a3aa   ---        --------
             496   N   0000a3aa   00000205   0000a3ae   x03_gp     ff00ff00
             497   N   0000a3ae   00004289   0000a3b0   x04_tp     00000002
             498   N   0000a3b0   fe5214e3   0000a3b2   x05_t0     00000002
             499   N   0000a3b2   42890eb7   0000a3b6   ---        --------
             501   N   0000a3b6   fe528e93   0000a3ba   x29_t4     ff010000
             503   N   0000a3ba   00004e59   0000a3be   x29_t4     ff00ff00
             504   N   0000a3be   09d19963   0000a3c0   x28_t3     00000016
             505   N   0000a3c0   00004201   0000a3c4   ---        --------
             506   N   0000a3c4   0f0f1137   0000a3c6   x04_tp     00000000
             507   N   0000a3c6   42010113   0000a3ca   x02_sp     0f0f1000
             509   N   0000a3ca   00000001   0000a3ce   x02_sp     0f0f0f0f
             510   N   0000a3ce   00000001   0000a3d0   ---        --------
             511   N   0000a3d0   00ff00b7   0000a3d2   ---        --------
             512   N   0000a3d2   00018093   0000a3d6   x01_ra     00ff0000
             514   N   0000a3d6   00ffc1b3   0000a3da   x01_ra     00ff00ff
             516   N   0000a3da   00000205   0000a3de   x03_gp     0ff00ff0
             517   N   0000a3de   00004289   0000a3e0   x04_tp     00000001
             518   N   0000a3e0   fe5212e3   0000a3e2   x05_t0     00000002
             519   N   0000a3e2   42891eb7   0000a3c6   ---        --------
             523   N   0000a3c6   42890113   0000a3ca   x02_sp     0f0f1000
             525   N   0000a3ca   00000001   0000a3ce   x02_sp     0f0f0f0f
             526   N   0000a3ce   00000001   0000a3d0   ---        --------
             527   N   0000a3d0   00ff00b7   0000a3d2   ---        --------
             528   N   0000a3d2   00018093   0000a3d6   x01_ra     00ff0000
             530   N   0000a3d6   00ffc1b3   0000a3da   x01_ra     00ff00ff
             532   N   0000a3da   00000205   0000a3de   x03_gp     0ff00ff0
             533   N   0000a3de   00004289   0000a3e0   x04_tp     00000002
             534   N   0000a3e0   fe5212e3   0000a3e2   x05_t0     00000002
             535   N   0000a3e2   42891eb7   0000a3e6   ---        --------
             537   N   0000a3e6   00001ec1   0000a3ea   x29_t4     0ff01000
             538   N   0000a3ea   00004e5d   0000a3ec   x29_t4     0ff00ff0
             539   N   0000a3ec   07d19263   0000a3ee   x28_t3     00000017
             540   N   0000a3ee   4e5d00b7   0000a3f2   ---        --------
             542   N   0000a3f2   07d18093   0000a3f6   x01_ra     ff010000
             544   N   0000a3f6   ff014133   0000a3fa   x01_ra     ff00ff00
             546   N   0000a3fa   f0000eb7   0000a3fe   x02_sp     ff00ff00
             548   N   0000a3fe   00108e93   0000a402   x29_t4     ff010000
             550   N   0000a402   00004e61   0000a406   x29_t4     ff00ff00
             551   N   0000a406   05d11563   0000a408   x28_t3     00000018
             552   N   0000a408   00ff00b7   0000a40c   ---        --------
             553   N   0000a40c   0ff08093   0000a410   x01_ra     00ff0000
             554   N   0000a410   0000c133   0000a414   x01_ra     00ff00ff
             555   N   0000a414   00ff0eb7   0000a418   x02_sp     00ff00ff
             556   N   0000a418   0ffe8e93   0000a41c   x29_t4     00ff0000
             557   N   0000a41c   00004e65   0000a420   x29_t4     00ff00ff
             558   N   0000a420   03d11863   0000a422   x28_t3     00000019
             559   N   0000a422   4e6540b3   0000a426   ---        --------
             561   N   0000a426   00004e81   0000a42a   x01_ra     00000000
             562   N   0000a42a   00004e69   0000a42c   x29_t4     00000000
             563   N   0000a42c   03d09263   0000a42e   x28_t3     0000001a
             564   N   0000a42e   4e6910b7   0000a432   ---        --------
             566   N   0000a432   03d08093   0000a436   x01_ra     11111000
             568   N   0000a436   11112137   0000a43a   x01_ra     11111111
             570   N   0000a43a   11100113   0000a43e   x02_sp     22222000
             572   N   0000a43e   2222c033   0000a442   x02_sp     22222222
             574   N   0000a442   00004e81   0000a446   ---        --------
             575   N   0000a446   00004e6d   0000a448   x29_t4     00000000
             576   N   0000a448   01d01463   0000a44a   x28_t3     0000001b
             577   N   0000a44a   4e6d1863   0000a44e   ---        --------
             579   N   0000a44e   01d0000f   0000a45e   ---        --------
             583   N   0000a45e   000085f2   0000a462   ---        --------
             584   N   0000a462   00004501   0000a464   x11_a1     0000001b
             585   N   0000a464   00000073   0000a466   x10_a0     00000000
             586   E   0000a466   45010073   000008c0   mstatus    00001800
             586   E   0000a466   45010073   000008c0   mepc       0000a466
             586   E   0000a466   45010073   000008c0   mcause     0000000b
             586   E   0000a466   45010073   000008c0   mtval      00000000
             589   N   000008c0   000047a1   000008c4   x14_a4     0000000b
             590   N   000008c4   04f70063   000008c6   x15_a5     00000008
             591   N   000008c6   000047a5   000008ca   ---        --------
             592   N   000008ca   02f70d63   000008cc   x15_a5     00000009
             593   N   000008cc   000047ad   000008d0   ---        --------
             594   N   000008d0   02f70a63   000008d2   x15_a5     0000000b
             595   N   000008d2   47ad0837   00000906   ---        --------
             599   N   00000906   08370013   0000a480   ---        --------
             602   N   0000a480   c7428293   0000a484   x05_t0     00000480
             603   N   0000a484   00008282   0000a488   x05_t0     000000f4
             604   N   0000a488   00000013   000000f4   ---        --------
             607   N   000000f4   0000006f   000000f8   ---        --------
             608   N   000000f8   ffffffff   000000f8   ---        --------
