# RTL_ID 22011200
#
# Events:
#    N - no event
#    E - exception
#    I - interrupt
#    W - wakeup
# =====================================================================================
# : Core Reset
# =====================================================================================
# Test: ma_fetch.hex
#           Time   Ev  Curr_PC    Instr      Next_PC    Reg        Value     
# =====================================================================================
               3   N   00000000   00000000   0000a000   ---        --------
               6   N   0000a000   0000e101   0000a004   x10_a0     00000000
               7   N   0000a004   00004e01   0000a006   ---        --------
               8   N   0000a006   ffff7297   0000a008   x28_t3     00000000
               9   N   0000a008   8b828293   0000a00c   x05_t0     00001008
              10   N   0000a00c   30529073   0000a010   x05_t0     000008c0
              11   N   0000a010   00004505   0000a014   ---        --------
              12   N   0000a014   0000057e   0000a016   x10_a0     00000001
              13   N   0000a016   00054863   0000a018   x10_a0     80000000
              14   N   0000a018   0ff0000f   0000a028   ---        --------
              17   N   0000a028   00028f63   0000a02c   x05_t0     00000000
              18   N   0000a02c   10529073   0000a04a   ---        --------
              22   N   0000a04a   00006509   0000a04e   ---        --------
              23   N   0000a04e   00006509   0000a04e   ---        --------
              24   N   0000a04e   80050513   0000a050   x10_a0     00002000
              25   N   0000a050   30052073   0000a054   x10_a0     00001800
              26   N   0000a054   00000297   0000a058   ---        --------
              27   N   0000a058   00000297   0000a058   ---        --------
              28   N   0000a058   03228293   0000a05c   x05_t0     0000a058
              29   N   0000a05c   34129073   0000a060   x05_t0     0000a08a
              30   N   0000a060   f1402573   0000a064   ---        --------
              31   N   0000a064   30200073   0000a068   x10_a0     00000000
              33   N   0000a068   00000000   0000a08a   ---        --------
              36   N   0000a08a   00200e13   0000a08c   ---        --------
              37   N   0000a08c   00000313   0000a090   x28_t3     00000002
              38   N   0000a090   00000297   0000a094   x06_t1     00000000
              39   N   0000a094   00c28293   0000a098   x05_t0     0000a094
              40   N   0000a098   00228367   0000a09c   x05_t0     0000a0a0
              41   N   0000a09c   0000a011   0000a0a2   x06_t1     0000a0a0
              44   N   0000a0a2   0e80006f   0000a0a8   ---        --------
              47   N   0000a0a8   00000297   0000a0ac   x28_t3     00000003
              48   N   0000a0ac   00c28293   0000a0b0   x05_t0     0000a0ac
              49   N   0000a0b0   00128367   0000a0b4   x05_t0     0000a0b8
              50   N   0000a0b4   0080006f   0000a0b8   x06_t1     0000a0b8
              53   N   0000a0b8   0d00006f   0000a0c0   ---        --------
              56   N   0000a0c0   00000313   0000a0c4   x28_t3     00000004
              57   N   0000a0c4   00000297   0000a0c8   x06_t1     00000000
              58   N   0000a0c8   00c28293   0000a0cc   x05_t0     0000a0c8
              59   N   0000a0cc   00328367   0000a0d0   x05_t0     0000a0d4
              60   N   0000a0d0   0000a011   0000a0d6   x06_t1     0000a0d4
              63   N   0000a0d6   0b40006f   0000a0dc   ---        --------
              66   N   0000a0dc   00000313   0000a0e0   x28_t3     00000005
              67   N   0000a0e0   00000297   0000a0e4   x06_t1     00000000
              68   N   0000a0e4   00c28293   0000a0e8   x05_t0     0000a0e4
              69   N   0000a0e8   0060036f   0000a0ec   x05_t0     0000a0f0
              70   N   0000a0ec   0000a011   0000a0f2   x06_t1     0000a0f0
              73   N   0000a0f2   0980006f   0000a0f8   ---        --------
              76   N   0000a0f8   00000313   0000a0fc   x28_t3     00000006
              77   N   0000a0fc   00000297   0000a100   x06_t1     00000000
              78   N   0000a100   00c28293   0000a104   x05_t0     0000a100
              79   N   0000a104   00000363   0000a108   x05_t0     0000a10c
              80   N   0000a108   0000a011   0000a10e   ---        --------
              83   N   0000a10e   07c0006f   0000a114   ---        --------
              86   N   0000a114   00001563   0000a118   x28_t3     00000007
              87   N   0000a118   00c0006f   0000a11c   ---        --------
              88   N   0000a11c   0000a009   0000a128   ---        --------
              91   N   0000a128   301023f3   0000a12c   x28_t3     00000008
              92   N   0000a12c   0043f393   0000a130   x07_t2     40001104
              93   N   0000a130   04038863   0000a134   x07_t2     00000004
              94   N   0000a134   00000001   0000a138   ---        --------
              95   N   0000a138   30127073   0000a13a   ---        --------
              96   N   0000a13a   00000001   0000a13e   ---        --------
              97   N   0000a13e   301023f3   0000a140   ---        --------
              98   N   0000a140   0043f393   0000a144   x07_t2     40001104
              99   N   0000a144   04038263   0000a148   x07_t2     00000004
             100   N   0000a148   00000297   0000a14c   ---        --------
             101   N   0000a14c   03428293   0000a150   x05_t0     0000a14c
             102   N   0000a150   ffe28293   0000a154   x05_t0     0000a180
             103   N   0000a154   34129073   0000a158   x05_t0     0000a17e
             104   N   0000a158   30127073   0000a15c   ---        --------
             105   N   0000a15c   301023f3   0000a160   ---        --------
             106   N   0000a160   0043f393   0000a164   x07_t2     40001104
             107   N   0000a164   00039e63   0000a168   x07_t2     00000004
             108   N   0000a168   000023b7   0000a184   ---        --------
             111   N   0000a184   01c01a63   0000a19c   ---        --------
             114   N   0000a19c   000e0593   0000a1a0   ---        --------
             115   N   0000a1a0   00000513   0000a1a4   x11_a1     00000008
             116   N   0000a1a4   00000073   0000a1a8   x10_a0     00000000
             117   E   0000a1a8   00200513   000008c0   mstatus    00001800
             117   E   0000a1a8   00200513   000008c0   mepc       0000a1a8
             117   E   0000a1a8   00200513   000008c0   mcause     0000000b
             117   E   0000a1a8   00200513   000008c0   mtval      00000000
             120   N   000008c0   000047a1   000008c4   x14_a4     0000000b
             121   N   000008c4   04f70263   000008c6   x15_a5     00000008
             122   N   000008c6   000047a5   000008ca   ---        --------
             123   N   000008ca   02f70f63   000008cc   x15_a5     00000009
             124   N   000008cc   000047ad   000008d0   ---        --------
             125   N   000008d0   02f70c63   000008d2   x15_a5     0000000b
             126   N   000008d2   47ad0837   0000090a   ---        --------
             130   N   0000090a   08370013   0000a220   ---        --------
             133   N   0000a220   ed428293   0000a224   x05_t0     00000220
             134   N   0000a224   00008282   0000a228   x05_t0     000000f4
             135   N   0000a228   00000013   000000f4   ---        --------
             138   N   000000f4   0000006f   000000f8   ---        --------
             139   N   000000f8   ffffffff   000000f8   ---        --------
